{"uuid":"4ec18f9e-dc72-4c90-aa49-af1d35ff0c3d","historyId":"62a74fc9fd609e4847f166b0851dcb99","fullName":"io.cucumber.testng.AbstractTestNGCucumberTests.setUpClass","labels":[{"name":"package","value":"com.Bikroy.TestRunner.TestRunner"},{"name":"testClass","value":"com.Bikroy.TestRunner.TestRunner"},{"name":"testMethod","value":"setUpClass"},{"name":"parentSuite","value":"Surefire suite"},{"name":"suite","value":"Surefire test"},{"name":"subSuite","value":"com.Bikroy.TestRunner.TestRunner"},{"name":"host","value":"qups-desktop"},{"name":"thread","value":"12424@qups-desktop.main(1)"},{"name":"framework","value":"testng"},{"name":"language","value":"java"},{"name":"AS_ID","value":"-1"}],"links":[],"name":"setUpClass","status":"broken","statusDetails":{"known":false,"muted":false,"flaky":false,"message":"Illegal character in path at index 15: com/Kilroy/step definitions","trace":"java.lang.IllegalArgumentException: Illegal character in path at index 15: com/Kilroy/step definitions\r\n\tat java.base/java.net.URI.create(URI.java:883)\r\n\tat io.cucumber.core.feature.GluePath.parseAssumeClasspathScheme(GluePath.java:71)\r\n\tat io.cucumber.core.feature.GluePath.parse(GluePath.java:55)\r\n\tat io.cucumber.core.options.CucumberOptionsAnnotationParser.addGlue(CucumberOptionsAnnotationParser.java:127)\r\n\tat io.cucumber.core.options.CucumberOptionsAnnotationParser.parse(CucumberOptionsAnnotationParser.java:45)\r\n\tat io.cucumber.testng.TestNGCucumberRunner.<init>(TestNGCucumberRunner.java:85)\r\n\tat io.cucumber.testng.AbstractTestNGCucumberTests.setUpClass(AbstractTestNGCucumberTests.java:27)\r\n\tat java.base/jdk.internal.reflect.NativeMethodAccessorImpl.invoke0(Native Method)\r\n\tat java.base/jdk.internal.reflect.NativeMethodAccessorImpl.invoke(NativeMethodAccessorImpl.java:62)\r\n\tat java.base/jdk.internal.reflect.DelegatingMethodAccessorImpl.invoke(DelegatingMethodAccessorImpl.java:43)\r\n\tat java.base/java.lang.reflect.Method.invoke(Method.java:566)\r\n\tat org.testng.internal.invokers.MethodInvocationHelper.invokeMethod(MethodInvocationHelper.java:139)\r\n\tat org.testng.internal.invokers.MethodInvocationHelper.invokeMethodConsideringTimeout(MethodInvocationHelper.java:69)\r\n\tat org.testng.internal.invokers.ConfigInvoker.invokeConfigurationMethod(ConfigInvoker.java:361)\r\n\tat org.testng.internal.invokers.ConfigInvoker.invokeConfigurations(ConfigInvoker.java:296)\r\n\tat org.testng.internal.invokers.TestMethodWorker.invokeBeforeClassMethods(TestMethodWorker.java:180)\r\n\tat org.testng.internal.invokers.TestMethodWorker.run(TestMethodWorker.java:122)\r\n\tat java.base/java.util.ArrayList.forEach(ArrayList.java:1541)\r\n\tat org.testng.TestRunner.privateRun(TestRunner.java:829)\r\n\tat org.testng.TestRunner.run(TestRunner.java:602)\r\n\tat org.testng.SuiteRunner.runTest(SuiteRunner.java:437)\r\n\tat org.testng.SuiteRunner.runSequentially(SuiteRunner.java:431)\r\n\tat org.testng.SuiteRunner.privateRun(SuiteRunner.java:391)\r\n\tat org.testng.SuiteRunner.run(SuiteRunner.java:330)\r\n\tat org.testng.SuiteRunnerWorker.runSuite(SuiteRunnerWorker.java:52)\r\n\tat org.testng.SuiteRunnerWorker.run(SuiteRunnerWorker.java:95)\r\n\tat org.testng.TestNG.runSuitesSequentially(TestNG.java:1256)\r\n\tat org.testng.TestNG.runSuitesLocally(TestNG.java:1176)\r\n\tat org.testng.TestNG.runSuites(TestNG.java:1099)\r\n\tat org.testng.TestNG.run(TestNG.java:1067)\r\n\tat org.apache.maven.surefire.testng.TestNGExecutor.run(TestNGExecutor.java:136)\r\n\tat org.apache.maven.surefire.testng.TestNGDirectoryTestSuite.executeSingleClass(TestNGDirectoryTestSuite.java:112)\r\n\tat org.apache.maven.surefire.testng.TestNGDirectoryTestSuite.execute(TestNGDirectoryTestSuite.java:99)\r\n\tat org.apache.maven.surefire.testng.TestNGProvider.invoke(TestNGProvider.java:145)\r\n\tat org.apache.maven.surefire.booter.ForkedBooter.runSuitesInProcess(ForkedBooter.java:428)\r\n\tat org.apache.maven.surefire.booter.ForkedBooter.execute(ForkedBooter.java:162)\r\n\tat org.apache.maven.surefire.booter.ForkedBooter.run(ForkedBooter.java:562)\r\n\tat org.apache.maven.surefire.booter.ForkedBooter.main(ForkedBooter.java:548)\r\nCaused by: java.net.URISyntaxException: Illegal character in path at index 15: com/Kilroy/step definitions\r\n\tat java.base/java.net.URI$Parser.fail(URI.java:2913)\r\n\tat java.base/java.net.URI$Parser.checkChars(URI.java:3084)\r\n\tat java.base/java.net.URI$Parser.parseHierarchical(URI.java:3166)\r\n\tat java.base/java.net.URI$Parser.parse(URI.java:3125)\r\n\tat java.base/java.net.URI.<init>(URI.java:600)\r\n\tat java.base/java.net.URI.create(URI.java:881)\r\n\t... 37 more\r\n"},"stage":"finished","steps":[],"attachments":[],"parameters":[],"start":1728288119479,"stop":1728288119481}